<?xml version="1.0"?>
<component name="org.nuxeo.docusign.core.test.credentail" version="1.0">

  <require>org.nuxeo.docusign.service</require>

  <extension target="org.nuxeo.docusign.service" point="configuration">
    <configuration>
      <credentialClass>org.nuxeo.docusign.core.test.mock.MockCredentialFactory</credentialClass>
      <basePath>https://demo.docusign.net/restapi</basePath>
      <defaultCallbackChain>javascript.dsDefaultCallback</defaultCallbackChain>
    </configuration>
  </extension>

</component>
